<?xml version="1.0" encoding="UTF-8"?>
<testsuites name="jest tests" tests="2" failures="0" errors="0" time="0.109">
  <testsuite name="undefined" errors="0" failures="0" skipped="0" timestamp="2025-09-21T09:31:48" time="0.088" tests="2">
    <testcase classname=" adds two numbers" name=" adds two numbers" time="0.001">
    </testcase>
    <testcase classname=" multiplies two numbers" name=" multiplies two numbers" time="0">
    </testcase>
  </testsuite>
</testsuites>